<?xml version="1.0" encoding="UTF-8"?>
<!-- Generated by org.testng.reporters.JUnitXMLReporter -->
<testsuite ignored="0" hostname="Bloopy" failures="3" tests="5" name="TestLoginWDtPd Test" time="44.181" errors="0" timestamp="2022-09-20T02:31:42 PDT">
  <testcase classname="testCases.TestLoginWithDataProvider" name="logInTest" time="6.19"/>
  <testcase classname="testCases.TestLoginWithDataProvider" name="logInTest" time="6.307">
    <failure type="java.lang.AssertionError" message="expected [Zoho Home] but found [Zoho Accounts]">
      <![CDATA[java.lang.AssertionError: expected [Zoho Home] but found [Zoho Accounts]
at pages.SignInPage2.signIn(SignInPage2.java:60)
at testCases.TestLoginWithDataProvider.logInTest(TestLoginWithDataProvider.java:33)
at java.base/java.util.ArrayList.forEach(ArrayList.java:1511)
... Removed 33 stack frames]]>
    </failure>
  </testcase> <!-- logInTest -->
  <testcase classname="testCases.TestLoginWithDataProvider" name="logInTest" time="2.977">
    <failure type="org.openqa.selenium.ElementNotInteractableException" message="element not interactable
  (Session info: chrome=105.0.5195.102)
Build info: version: &amp;apos;4.4.0&amp;apos;, revision: &amp;apos;e5c75ed026a&amp;apos;
System info: host: &amp;apos;BLOOPY&amp;apos;, ip: &amp;apos;192.168.1.69&amp;apos;, os.name: &amp;apos;Windows 10&amp;apos;, os.arch: &amp;apos;amd64&amp;apos;, os.version: &amp;apos;10.0&amp;apos;, java.version: &amp;apos;17.0.2&amp;apos;
Driver info: org.openqa.selenium.chrome.ChromeDriver
Command: [17c792e92ac4491ddf0dfd303b8c7c47, sendKeysToElement {id=aac753b9-8faf-43c6-b40e-37bb4d06e852, value=[Ljava.lang.CharSequence;@799c8758}]
Capabilities {acceptInsecureCerts: false, browserName: chrome, browserVersion: 105.0.5195.102, chrome: {chromedriverVersion: 105.0.5195.52 (412c95e51883..., userDataDir: C:\Users\Hua\AppData\Local\...}, goog:chromeOptions: {debuggerAddress: localhost:61458}, networkConnectionEnabled: false, pageLoadStrategy: normal, platformName: WINDOWS, proxy: Proxy(), se:cdp: ws://localhost:61458/devtoo..., se:cdpVersion: 105.0.5195.102, setWindowRect: true, strictFileInteractability: false, timeouts: {implicit: 0, pageLoad: 300000, script: 30000}, unhandledPromptBehavior: dismiss and notify, webauthn:extension:credBlob: true, webauthn:extension:largeBlob: true, webauthn:virtualAuthenticators: true}
Element: [[ChromeDriver: chrome on WINDOWS (17c792e92ac4491ddf0dfd303b8c7c47)] -&amp;gt; xpath: //input[@id=&amp;apos;password&amp;apos;]]
Session ID: 17c792e92ac4491ddf0dfd303b8c7c47">
      <![CDATA[org.openqa.selenium.ElementNotInteractableException: element not interactable
  (Session info: chrome=105.0.5195.102)
Build info: version: '4.4.0', revision: 'e5c75ed026a'
System info: host: 'BLOOPY', ip: '192.168.1.69', os.name: 'Windows 10', os.arch: 'amd64', os.version: '10.0', java.version: '17.0.2'
Driver info: org.openqa.selenium.chrome.ChromeDriver
Command: [17c792e92ac4491ddf0dfd303b8c7c47, sendKeysToElement {id=aac753b9-8faf-43c6-b40e-37bb4d06e852, value=[Ljava.lang.CharSequence;@799c8758}]
Capabilities {acceptInsecureCerts: false, browserName: chrome, browserVersion: 105.0.5195.102, chrome: {chromedriverVersion: 105.0.5195.52 (412c95e51883..., userDataDir: C:\Users\Hua\AppData\Local\...}, goog:chromeOptions: {debuggerAddress: localhost:61458}, networkConnectionEnabled: false, pageLoadStrategy: normal, platformName: WINDOWS, proxy: Proxy(), se:cdp: ws://localhost:61458/devtoo..., se:cdpVersion: 105.0.5195.102, setWindowRect: true, strictFileInteractability: false, timeouts: {implicit: 0, pageLoad: 300000, script: 30000}, unhandledPromptBehavior: dismiss and notify, webauthn:extension:credBlob: true, webauthn:extension:largeBlob: true, webauthn:virtualAuthenticators: true}
Element: [[ChromeDriver: chrome on WINDOWS (17c792e92ac4491ddf0dfd303b8c7c47)] -> xpath: //input[@id='password']]
Session ID: 17c792e92ac4491ddf0dfd303b8c7c47
at org.openqa.selenium.remote.codec.w3c.W3CHttpResponseCodec.createException(W3CHttpResponseCodec.java:200)
at org.openqa.selenium.remote.codec.w3c.W3CHttpResponseCodec.decode(W3CHttpResponseCodec.java:133)
at org.openqa.selenium.remote.codec.w3c.W3CHttpResponseCodec.decode(W3CHttpResponseCodec.java:53)
at org.openqa.selenium.remote.HttpCommandExecutor.execute(HttpCommandExecutor.java:184)
at org.openqa.selenium.remote.service.DriverCommandExecutor.invokeExecute(DriverCommandExecutor.java:167)
at org.openqa.selenium.remote.service.DriverCommandExecutor.execute(DriverCommandExecutor.java:142)
at org.openqa.selenium.remote.RemoteWebDriver.execute(RemoteWebDriver.java:547)
at org.openqa.selenium.remote.RemoteWebElement.execute(RemoteWebElement.java:257)
at org.openqa.selenium.remote.RemoteWebElement.sendKeys(RemoteWebElement.java:113)
at org.openqa.selenium.support.pagefactory.internal.LocatingElementHandler.invoke(LocatingElementHandler.java:52)
at jdk.proxy2/jdk.proxy2.$Proxy21.sendKeys(Unknown Source)
at pages.SignInPage2.signIn(SignInPage2.java:57)
at testCases.TestLoginWithDataProvider.logInTest(TestLoginWithDataProvider.java:33)
at java.base/java.util.ArrayList.forEach(ArrayList.java:1511)
... Removed 36 stack frames]]>
    </failure>
  </testcase> <!-- logInTest -->
  <testcase classname="testCases.TestLoginWithDataProvider" name="logInTest" time="6.092">
    <failure type="java.lang.AssertionError" message="expected [Zoho Home] but found [Zoho Accounts]">
      <![CDATA[java.lang.AssertionError: expected [Zoho Home] but found [Zoho Accounts]
at pages.SignInPage2.signIn(SignInPage2.java:60)
at testCases.TestLoginWithDataProvider.logInTest(TestLoginWithDataProvider.java:33)
at java.base/java.util.ArrayList.forEach(ArrayList.java:1511)
... Removed 33 stack frames]]>
    </failure>
  </testcase> <!-- logInTest -->
  <testcase classname="testCases.TestLoginWithDataProvider" name="logInTest" time="6.136"/>
</testsuite> <!-- TestLoginWDtPd Test -->
